2024-02-03 00:55:59,901 ERROR 24536 [-/127.0.0.1/-/35ms POST /admin/login] [controller.login] 账号与密码不能为空!
2024-02-03 00:55:59,909 ERROR 24536 [-/127.0.0.1/-/41ms POST /admin/login] nodejs.Error: 账号与密码不能为空.
    at LoginController.create (C:\Users\Xiaoyon\Desktop\web-project\node-egg-demo\egg-server-mongodb\app\controller\login.js:15:13)
    at Object.callFn (C:\Users\Xiaoyon\Desktop\web-project\node-egg-demo\egg-server-mongodb\node_modules\egg-core\lib\utils\index.js:44:21)
    at Object.classControllerMiddleware (C:\Users\Xiaoyon\Desktop\web-project\node-egg-demo\egg-server-mongodb\node_modules\egg-core\lib\loader\mixin\controller.js:87:20)
    at Object.callFn (C:\Users\Xiaoyon\Desktop\web-project\node-egg-demo\egg-server-mongodb\node_modules\@eggjs\router\lib\utils.js:12:21)
    at wrappedController (C:\Users\Xiaoyon\Desktop\web-project\node-egg-demo\egg-server-mongodb\node_modules\@eggjs\router\lib\egg_router.js:322:18)
    at dispatch (C:\Users\Xiaoyon\Desktop\web-project\node-egg-demo\egg-server-mongodb\node_modules\@eggjs\router\node_modules\koa-compose\index.js:44:32)
    at next (C:\Users\Xiaoyon\Desktop\web-project\node-egg-demo\egg-server-mongodb\node_modules\@eggjs\router\node_modules\koa-compose\index.js:45:18)
    at C:\Users\Xiaoyon\Desktop\web-project\node-egg-demo\egg-server-mongodb\node_modules\@eggjs\router\lib\router.js:186:18
    at dispatch (C:\Users\Xiaoyon\Desktop\web-project\node-egg-demo\egg-server-mongodb\node_modules\@eggjs\router\node_modules\koa-compose\index.js:44:32)
    at C:\Users\Xiaoyon\Desktop\web-project\node-egg-demo\egg-server-mongodb\node_modules\@eggjs\router\node_modules\koa-compose\index.js:36:12
    at dispatch (C:\Users\Xiaoyon\Desktop\web-project\node-egg-demo\egg-server-mongodb\node_modules\@eggjs\router\lib\router.js:191:33)
    at dispatch (C:\Users\Xiaoyon\Desktop\web-project\node-egg-demo\egg-server-mongodb\node_modules\koa-compose\index.js:42:32)
    at auth (C:\Users\Xiaoyon\Desktop\web-project\node-egg-demo\egg-server-mongodb\app\middleware\auth.js:8:11)
    at dispatch (C:\Users\Xiaoyon\Desktop\web-project\node-egg-demo\egg-server-mongodb\node_modules\koa-compose\index.js:42:32)
    at C:\Users\Xiaoyon\Desktop\web-project\node-egg-demo\egg-server-mongodb\node_modules\egg-development\app\middleware\egg_loader_trace.js:9:56
    at dispatch (C:\Users\Xiaoyon\Desktop\web-project\node-egg-demo\egg-server-mongodb\node_modules\koa-compose\index.js:42:32)
headers: {"Access-Control-Allow-Origin":"*","vary":"Origin"}
pid: 24536
hostname: DESKTOP-VEOURDF

2024-02-03 00:57:53,718 ERROR 24536 [-/127.0.0.1/-/59ms POST /admin/login] [controller.login] 账号与密码不能为空!
2024-02-03 00:57:53,807 ERROR 24536 [-/127.0.0.1/-/147ms POST /admin/login] nodejs.Error: 账号与密码不能为空.
    at LoginController.create (C:\Users\Xiaoyon\Desktop\web-project\node-egg-demo\egg-server-mongodb\app\controller\login.js:15:13)
    at Object.callFn (C:\Users\Xiaoyon\Desktop\web-project\node-egg-demo\egg-server-mongodb\node_modules\egg-core\lib\utils\index.js:44:21)
    at Object.classControllerMiddleware (C:\Users\Xiaoyon\Desktop\web-project\node-egg-demo\egg-server-mongodb\node_modules\egg-core\lib\loader\mixin\controller.js:87:20)
    at Object.callFn (C:\Users\Xiaoyon\Desktop\web-project\node-egg-demo\egg-server-mongodb\node_modules\@eggjs\router\lib\utils.js:12:21)
    at wrappedController (C:\Users\Xiaoyon\Desktop\web-project\node-egg-demo\egg-server-mongodb\node_modules\@eggjs\router\lib\egg_router.js:322:18)
    at dispatch (C:\Users\Xiaoyon\Desktop\web-project\node-egg-demo\egg-server-mongodb\node_modules\@eggjs\router\node_modules\koa-compose\index.js:44:32)
    at next (C:\Users\Xiaoyon\Desktop\web-project\node-egg-demo\egg-server-mongodb\node_modules\@eggjs\router\node_modules\koa-compose\index.js:45:18)
    at C:\Users\Xiaoyon\Desktop\web-project\node-egg-demo\egg-server-mongodb\node_modules\@eggjs\router\lib\router.js:186:18
    at dispatch (C:\Users\Xiaoyon\Desktop\web-project\node-egg-demo\egg-server-mongodb\node_modules\@eggjs\router\node_modules\koa-compose\index.js:44:32)
    at C:\Users\Xiaoyon\Desktop\web-project\node-egg-demo\egg-server-mongodb\node_modules\@eggjs\router\node_modules\koa-compose\index.js:36:12
    at dispatch (C:\Users\Xiaoyon\Desktop\web-project\node-egg-demo\egg-server-mongodb\node_modules\@eggjs\router\lib\router.js:191:33)
    at dispatch (C:\Users\Xiaoyon\Desktop\web-project\node-egg-demo\egg-server-mongodb\node_modules\koa-compose\index.js:42:32)
    at auth (C:\Users\Xiaoyon\Desktop\web-project\node-egg-demo\egg-server-mongodb\app\middleware\auth.js:8:11)
    at dispatch (C:\Users\Xiaoyon\Desktop\web-project\node-egg-demo\egg-server-mongodb\node_modules\koa-compose\index.js:42:32)
    at C:\Users\Xiaoyon\Desktop\web-project\node-egg-demo\egg-server-mongodb\node_modules\egg-development\app\middleware\egg_loader_trace.js:9:56
    at dispatch (C:\Users\Xiaoyon\Desktop\web-project\node-egg-demo\egg-server-mongodb\node_modules\koa-compose\index.js:42:32)
headers: {"Access-Control-Allow-Origin":"*","vary":"Origin"}
pid: 24536
hostname: DESKTOP-VEOURDF

2024-02-03 00:58:27,770 ERROR 23728 [-/127.0.0.1/-/61ms POST /admin/login] [controller.login] 账号与密码不能为空!
2024-02-03 00:58:56,863 ERROR 23728 [-/127.0.0.1/-/5ms POST /admin/login] [controller.login] 账号与密码不能为空!
2024-02-03 01:00:41,279 ERROR 15628 nodejs.unhandledExceptionError: read ECONNRESET
    at TCP.onStreamRead (node:internal/stream_base_commons:217:20)
errno: -4077
code: "ECONNRESET"
syscall: "read"
name: "unhandledExceptionError"
pid: 15628
hostname: DESKTOP-VEOURDF

2024-02-03 01:00:47,685 ERROR 24260 [-/127.0.0.1/-/68ms POST /admin/login] nodejs.Error: 账号与密码不能为空!
    at LoginController.create (C:\Users\Xiaoyon\Desktop\web-project\node-egg-demo\egg-server-mongodb\app\controller\login.js:14:13)
    at Object.callFn (C:\Users\Xiaoyon\Desktop\web-project\node-egg-demo\egg-server-mongodb\node_modules\egg-core\lib\utils\index.js:44:21)
    at Object.classControllerMiddleware (C:\Users\Xiaoyon\Desktop\web-project\node-egg-demo\egg-server-mongodb\node_modules\egg-core\lib\loader\mixin\controller.js:87:20)
    at Object.callFn (C:\Users\Xiaoyon\Desktop\web-project\node-egg-demo\egg-server-mongodb\node_modules\@eggjs\router\lib\utils.js:12:21)
    at wrappedController (C:\Users\Xiaoyon\Desktop\web-project\node-egg-demo\egg-server-mongodb\node_modules\@eggjs\router\lib\egg_router.js:322:18)
    at dispatch (C:\Users\Xiaoyon\Desktop\web-project\node-egg-demo\egg-server-mongodb\node_modules\@eggjs\router\node_modules\koa-compose\index.js:44:32)
    at next (C:\Users\Xiaoyon\Desktop\web-project\node-egg-demo\egg-server-mongodb\node_modules\@eggjs\router\node_modules\koa-compose\index.js:45:18)
    at C:\Users\Xiaoyon\Desktop\web-project\node-egg-demo\egg-server-mongodb\node_modules\@eggjs\router\lib\router.js:186:18
    at dispatch (C:\Users\Xiaoyon\Desktop\web-project\node-egg-demo\egg-server-mongodb\node_modules\@eggjs\router\node_modules\koa-compose\index.js:44:32)
    at C:\Users\Xiaoyon\Desktop\web-project\node-egg-demo\egg-server-mongodb\node_modules\@eggjs\router\node_modules\koa-compose\index.js:36:12
    at dispatch (C:\Users\Xiaoyon\Desktop\web-project\node-egg-demo\egg-server-mongodb\node_modules\@eggjs\router\lib\router.js:191:33)
    at dispatch (C:\Users\Xiaoyon\Desktop\web-project\node-egg-demo\egg-server-mongodb\node_modules\koa-compose\index.js:42:32)
    at auth (C:\Users\Xiaoyon\Desktop\web-project\node-egg-demo\egg-server-mongodb\app\middleware\auth.js:8:11)
    at dispatch (C:\Users\Xiaoyon\Desktop\web-project\node-egg-demo\egg-server-mongodb\node_modules\koa-compose\index.js:42:32)
    at C:\Users\Xiaoyon\Desktop\web-project\node-egg-demo\egg-server-mongodb\node_modules\egg-development\app\middleware\egg_loader_trace.js:9:56
    at dispatch (C:\Users\Xiaoyon\Desktop\web-project\node-egg-demo\egg-server-mongodb\node_modules\koa-compose\index.js:42:32)
headers: {"Access-Control-Allow-Origin":"*","vary":"Origin"}
pid: 24260
hostname: DESKTOP-VEOURDF

2024-02-03 01:03:00,163 ERROR 15628 nodejs.unhandledExceptionError: read ECONNRESET
    at TCP.onStreamRead (node:internal/stream_base_commons:217:20)
errno: -4077
code: "ECONNRESET"
syscall: "read"
name: "unhandledExceptionError"
pid: 15628
hostname: DESKTOP-VEOURDF

